
OpenInverterWeb/data/gauges.html
OpenInverterWeb/data/index.html
OpenInverterWeb/data/remote.html
OpenInverterWeb/data/syncofs.html
OpenInverterWeb/data/wifi.html
OpenInverterWeb/data/wifi-updated.html

OpenInverterWeb/data/style.css

OpenInverterWeb/data/ui.js
OpenInverterWeb/data/chart.min.js
OpenInverterWeb/data/inverter.js
OpenInverterWeb/data/wifi.js
OpenInverterWeb/data/log.js
OpenInverterWeb/data/index.js
OpenInverterWeb/data/jquery.core.min.js.gz
OpenInverterWeb/data/plot.js
OpenInverterWeb/data/chartjs-annotation.min.js.gz
OpenInverterWeb/data/gauges.js
OpenInverterWeb/data/modal.js
OpenInverterWeb/data/docstrings.js
OpenInverterWeb/data/jquery.knob.min.js.gz
OpenInverterWeb/data/gauge.min.js

OpenInverterWeb/data/ajax-loader.gif
OpenInverterWeb/data/logo.png
OpenInverterWeb/data/refresh.png
